# JRE version: Java(TM) SE Runtime Environment (8.0_111-b14) (build 1.8.0_111-b14)
# Java VM: Java HotSpot(TM) 64-Bit Server VM (25.111-b14 mixed mode linux-amd64 compressed oops)
Heap:
 PSYoungGen      total 333312K, used 0K [0x00000000e1800000, 0x00000000fc880000, 0x0000000100000000)
  eden space 239104K, 0% used [0x00000000e1800000,0x00000000e1800000,0x00000000f0180000)
  from space 94208K, 0% used [0x00000000f6c80000,0x00000000f6c80000,0x00000000fc880000)
  to   space 101888K, 0% used [0x00000000f0180000,0x00000000f0180000,0x00000000f6500000)
 ParOldGen       total 272896K, used 251037K [0x00000000a4800000, 0x00000000b5280000, 0x00000000e1800000)
  object space 272896K, 91% used [0x00000000a4800000,0x00000000b3d27480,0x00000000b5280000)
 Metaspace       used 14388K, capacity 14580K, committed 14848K, reserved 1062912K
  class space    used 1615K, capacity 1702K, committed 1792K, reserved 1048576K
GC Heap History (10 events):
Event: 10,157 GC heap after
Heap after GC invocations=14 (full 3):
 PSYoungGen      total 212992K, used 28283K [0x00000000e1800000, 0x00000000f7780000, 0x0000000100000000)
  eden space 115712K, 0% used [0x00000000e1800000,0x00000000e1800000,0x00000000e8900000)
  from space 97280K, 29% used [0x00000000e8900000,0x00000000ea49ee98,0x00000000ee800000)
  to   space 93696K, 0% used [0x00000000f1c00000,0x00000000f1c00000,0x00000000f7780000)
 ParOldGen       total 188416K, used 182222K [0x00000000a4800000, 0x00000000b0000000, 0x00000000e1800000)
  object space 188416K, 96% used [0x00000000a4800000,0x00000000af9f38b0,0x00000000b0000000)
 Metaspace       used 14290K, capacity 14516K, committed 14848K, reserved 1062912K
  class space    used 1615K, capacity 1702K, committed 1792K, reserved 1048576K
}
Event: 10,157 GC heap before
{Heap before GC invocations=15 (full 4):
 PSYoungGen      total 212992K, used 28283K [0x00000000e1800000, 0x00000000f7780000, 0x0000000100000000)
  eden space 115712K, 0% used [0x00000000e1800000,0x00000000e1800000,0x00000000e8900000)
  from space 97280K, 29% used [0x00000000e8900000,0x00000000ea49ee98,0x00000000ee800000)
  to   space 93696K, 0% used [0x00000000f1c00000,0x00000000f1c00000,0x00000000f7780000)
 ParOldGen       total 188416K, used 182222K [0x00000000a4800000, 0x00000000b0000000, 0x00000000e1800000)
  object space 188416K, 96% used [0x00000000a4800000,0x00000000af9f38b0,0x00000000b0000000)
 Metaspace       used 14290K, capacity 14516K, committed 14848K, reserved 1062912K
  class space    used 1615K, capacity 1702K, committed 1792K, reserved 1048576K
Event: 10,365 GC heap after
Heap after GC invocations=15 (full 4):
 PSYoungGen      total 212992K, used 0K [0x00000000e1800000, 0x00000000f7780000, 0x0000000100000000)
  eden space 115712K, 0% used [0x00000000e1800000,0x00000000e1800000,0x00000000e8900000)
  from space 97280K, 0% used [0x00000000e8900000,0x00000000e8900000,0x00000000ee800000)
  to   space 93696K, 0% used [0x00000000f1c00000,0x00000000f1c00000,0x00000000f7780000)
 ParOldGen       total 272896K, used 161989K [0x00000000a4800000, 0x00000000b5280000, 0x00000000e1800000)
  object space 272896K, 59% used [0x00000000a4800000,0x00000000ae6314f8,0x00000000b5280000)
 Metaspace       used 14290K, capacity 14516K, committed 14848K, reserved 1062912K
  class space    used 1615K, capacity 1702K, committed 1792K, reserved 1048576K
}
Event: 17,985 GC heap before
{Heap before GC invocations=16 (full 4):
 PSYoungGen      total 212992K, used 115712K [0x00000000e1800000, 0x00000000f7780000, 0x0000000100000000)
  eden space 115712K, 100% used [0x00000000e1800000,0x00000000e8900000,0x00000000e8900000)
  from space 97280K, 0% used [0x00000000e8900000,0x00000000e8900000,0x00000000ee800000)
  to   space 93696K, 0% used [0x00000000f1c00000,0x00000000f1c00000,0x00000000f7780000)
 ParOldGen       total 272896K, used 161989K [0x00000000a4800000, 0x00000000b5280000, 0x00000000e1800000)
  object space 272896K, 59% used [0x00000000a4800000,0x00000000ae6314f8,0x00000000b5280000)
 Metaspace       used 14308K, capacity 14516K, committed 14848K, reserved 1062912K
  class space    used 1615K, capacity 1702K, committed 1792K, reserved 1048576K
Event: 23,250 GC heap after
Heap after GC invocations=16 (full 4):
 PSYoungGen      total 256512K, used 79150K [0x00000000e1800000, 0x00000000f8d00000, 0x0000000100000000)
  eden space 162816K, 0% used [0x00000000e1800000,0x00000000e1800000,0x00000000eb700000)
  from space 93696K, 84% used [0x00000000f1c00000,0x00000000f694ba10,0x00000000f7780000)
  to   space 103424K, 0% used [0x00000000eb700000,0x00000000eb700000,0x00000000f1c00000)
 ParOldGen       total 272896K, used 161997K [0x00000000a4800000, 0x00000000b5280000, 0x00000000e1800000)
  object space 272896K, 59% used [0x00000000a4800000,0x00000000ae6334f8,0x00000000b5280000)
 Metaspace       used 14308K, capacity 14516K, committed 14848K, reserved 1062912K
  class space    used 1615K, capacity 1702K, committed 1792K, reserved 1048576K
}
Event: 94,374 GC heap before
{Heap before GC invocations=17 (full 4):
 PSYoungGen      total 256512K, used 241966K [0x00000000e1800000, 0x00000000f8d00000, 0x0000000100000000)
  eden space 162816K, 100% used [0x00000000e1800000,0x00000000eb700000,0x00000000eb700000)
  from space 93696K, 84% used [0x00000000f1c00000,0x00000000f694ba10,0x00000000f7780000)
  to   space 103424K, 0% used [0x00000000eb700000,0x00000000eb700000,0x00000000f1c00000)
 ParOldGen       total 272896K, used 161997K [0x00000000a4800000, 0x00000000b5280000, 0x00000000e1800000)
  object space 272896K, 59% used [0x00000000a4800000,0x00000000ae6334f8,0x00000000b5280000)
 Metaspace       used 14387K, capacity 14580K, committed 14848K, reserved 1062912K
  class space    used 1615K, capacity 1702K, committed 1792K, reserved 1048576K
Event: 97,225 GC heap after
Heap after GC invocations=17 (full 4):
 PSYoungGen      total 266240K, used 64849K [0x00000000e1800000, 0x00000000fd380000, 0x0000000100000000)
  eden space 162816K, 0% used [0x00000000e1800000,0x00000000e1800000,0x00000000eb700000)
  from space 103424K, 62% used [0x00000000eb700000,0x00000000ef654620,0x00000000f1c00000)
  to   space 105472K, 0% used [0x00000000f6c80000,0x00000000f6c80000,0x00000000fd380000)
 ParOldGen       total 272896K, used 190561K [0x00000000a4800000, 0x00000000b5280000, 0x00000000e1800000)
  object space 272896K, 69% used [0x00000000a4800000,0x00000000b02185d8,0x00000000b5280000)
 Metaspace       used 14387K, capacity 14580K, committed 14848K, reserved 1062912K
  class space    used 1615K, capacity 1702K, committed 1792K, reserved 1048576K
}
Event: 216,601 GC heap before
{Heap before GC invocations=18 (full 4):
 PSYoungGen      total 266240K, used 219691K [0x00000000e1800000, 0x00000000fd380000, 0x0000000100000000)
  eden space 162816K, 95% used [0x00000000e1800000,0x00000000eaf36790,0x00000000eb700000)
  from space 103424K, 62% used [0x00000000eb700000,0x00000000ef654620,0x00000000f1c00000)
  to   space 105472K, 0% used [0x00000000f6c80000,0x00000000f6c80000,0x00000000fd380000)
 ParOldGen       total 272896K, used 190561K [0x00000000a4800000, 0x00000000b5280000, 0x00000000e1800000)
  object space 272896K, 69% used [0x00000000a4800000,0x00000000b02185d8,0x00000000b5280000)
 Metaspace       used 14388K, capacity 14580K, committed 14848K, reserved 1062912K
  class space    used 1615K, capacity 1702K, committed 1792K, reserved 1048576K
Event: 220,121 GC heap after
Heap after GC invocations=18 (full 4):
 PSYoungGen      total 333312K, used 30987K [0x00000000e1800000, 0x00000000fc880000, 0x0000000100000000)
  eden space 239104K, 0% used [0x00000000e1800000,0x00000000e1800000,0x00000000f0180000)
  from space 94208K, 32% used [0x00000000f6c80000,0x00000000f8ac2df0,0x00000000fc880000)
  to   space 101888K, 0% used [0x00000000f0180000,0x00000000f0180000,0x00000000f6500000)
 ParOldGen       total 272896K, used 245619K [0x00000000a4800000, 0x00000000b5280000, 0x00000000e1800000)
  object space 272896K, 90% used [0x00000000a4800000,0x00000000b37dcd58,0x00000000b5280000)
 Metaspace       used 14388K, capacity 14580K, committed 14848K, reserved 1062912K
  class space    used 1615K, capacity 1702K, committed 1792K, reserved 1048576K
}
Event: 220,215 GC heap before
{Heap before GC invocations=19 (full 5):
 PSYoungGen      total 333312K, used 30987K [0x00000000e1800000, 0x00000000fc880000, 0x0000000100000000)
  eden space 239104K, 0% used [0x00000000e1800000,0x00000000e1800000,0x00000000f0180000)
  from space 94208K, 32% used [0x00000000f6c80000,0x00000000f8ac2df0,0x00000000fc880000)
  to   space 101888K, 0% used [0x00000000f0180000,0x00000000f0180000,0x00000000f6500000)
 ParOldGen       total 272896K, used 245619K [0x00000000a4800000, 0x00000000b5280000, 0x00000000e1800000)
  object space 272896K, 90% used [0x00000000a4800000,0x00000000b37dcd58,0x00000000b5280000)
 Metaspace       used 14388K, capacity 14580K, committed 14848K, reserved 1062912K
  class space    used 1615K, capacity 1702K, committed 1792K, reserved 1048576K

